<?xml version="1.0" encoding="UTF-8"?>
<testsuites>
    <testsuite name="force.apex" timestamp="2024-01-31T06:00:25.000Z" hostname="https://miami-beans-4162-dev-ed.scratch.my.salesforce.com" tests="11" failures="0"  errors="0"  time="2.17">
        <properties>
            <property name="outcome" value="Successful"/>
            <property name="testsRan" value="11"/>
            <property name="passing" value="11"/>
            <property name="failing" value="0"/>
            <property name="skipped" value="0"/>
            <property name="passRate" value="100%"/>
            <property name="failRate" value="0%"/>
            <property name="testStartTime" value="Wed Jan 31 2024 11:30:25 am"/>
            <property name="testExecutionTime" value="2.17 s"/>
            <property name="testTotalTime" value="2.17 s"/>
            <property name="commandTime" value="0.20 s"/>
            <property name="hostname" value="https://miami-beans-4162-dev-ed.scratch.my.salesforce.com"/>
            <property name="orgId" value="00DH40000000qX0MAI"/>
            <property name="username" value="test-tfkszobsmeh1@example.com"/>
            <property name="testRunId" value="707H4000001GyU3"/>
            <property name="userId" value="005H4000000LGGQIA4"/>
            <property name="coveredLines" value="133"/>
            <property name="testRunCoverage" value="99%"/>
            <property name="orgWideCoverage" value="98%"/>
        </properties>
        <testcase name="successResponse" classname="GeocodingServiceTest" time="0.01">
        </testcase>
        <testcase name="blankAddress" classname="GeocodingServiceTest" time="0.02">
        </testcase>
        <testcase name="errorResponse" classname="GeocodingServiceTest" time="0.00">
        </testcase>
        <testcase name="importSampleData" classname="TestSampleDataController" time="0.27">
        </testcase>
        <testcase name="createFileFailsWhenIncorrectBase64Data" classname="FileUtilitiesTest" time="0.10">
        </testcase>
        <testcase name="createFileFailsWhenIncorrectFilename" classname="FileUtilitiesTest" time="0.03">
        </testcase>
        <testcase name="createFileFailsWhenIncorrectRecordId" classname="FileUtilitiesTest" time="0.30">
        </testcase>
        <testcase name="createFileSucceedsWhenCorrectInput" classname="FileUtilitiesTest" time="0.25">
        </testcase>
        <testcase name="testGetPagedPropertyList" classname="TestPropertyController" time="0.82">
        </testcase>
        <testcase name="testGetPicturesNoResults" classname="TestPropertyController" time="0.04">
        </testcase>
        <testcase name="testGetPicturesWithResults" classname="TestPropertyController" time="0.34">
        </testcase>
    </testsuite>
</testsuites>
